<?xml version="1.0" encoding="UTF-8"?>
<!-- Generated by org.testng.reporters.JUnitXMLReporter -->
<testsuite ignored="2" hostname="USER-3" failures="1" tests="3" name="Selenium Automation Framework" time="23.668" errors="0" timestamp="2024-09-02T18:08:22 IST">
  <testcase classname="com.example.Testcases.BaseTest" name="@AfterMethod afterMethod" time="0.016">
    <failure type="java.lang.NullPointerException" message="Cannot invoke &amp;quot;com.aventstack.extentreports.ExtentTest.pass(String)&amp;quot; because &amp;quot;this.test&amp;quot; is null">
      <![CDATA[java.lang.NullPointerException: Cannot invoke "com.aventstack.extentreports.ExtentTest.pass(String)" because "this.test" is null
at com.example.Testcases.BaseTest.afterMethod(BaseTest.java:56)
at java.base/java.util.ArrayList.forEach(ArrayList.java:1596)
... Removed 30 stack frames]]>
    </failure>
  </testcase> <!-- @AfterMethod afterMethod -->
  <testcase classname="com.example.Testcases.BaseTest" name="@AfterMethod afterMethod" time="0.0">
    <failure type="java.lang.NullPointerException" message="Cannot invoke &amp;quot;com.aventstack.extentreports.ExtentTest.fail(java.lang.Throwable)&amp;quot; because &amp;quot;this.test&amp;quot; is null">
      <![CDATA[java.lang.NullPointerException: Cannot invoke "com.aventstack.extentreports.ExtentTest.fail(java.lang.Throwable)" because "this.test" is null
at com.example.Testcases.BaseTest.afterMethod(BaseTest.java:54)
at java.base/java.util.ArrayList.forEach(ArrayList.java:1596)
... Removed 30 stack frames]]>
    </failure>
  </testcase> <!-- @AfterMethod afterMethod -->
  <testcase classname="com.example.Testcases.BaseTest" name="@AfterMethod afterMethod" time="-1.725280702738E9">
    <skipped/>
  </testcase> <!-- @AfterMethod afterMethod -->
  <testcase classname="com.example.Testcases.Login" name="testLogin" time="6.788"/>
  <testcase classname="com.example.Testcases.LoginViaExcel" name="loginTest" time="0.0">
    <failure type="java.lang.RuntimeException" message="ExtentReports instance is not initialized.">
      <![CDATA[java.lang.RuntimeException: ExtentReports instance is not initialized.
at com.example.Testcases.LoginViaExcel.loginTest(LoginViaExcel.java:37)
at java.base/java.util.ArrayList.forEach(ArrayList.java:1596)
... Removed 25 stack frames]]>
    </failure>
  </testcase> <!-- loginTest -->
  <testcase classname="com.example.Testcases.LoginViaExcel" name="loginTest" time="0.0">
    <skipped/>
  </testcase> <!-- loginTest -->
  <testcase classname="com.example.Testcases.BaseTest" name="@AfterSuite tearDownExtent" time="0.0">
    <ignored/>
  </testcase> <!-- @AfterSuite tearDownExtent -->
  <testcase classname="com.example.Testcases.BaseTest" name="@BeforeSuite setUpExtent" time="0.0">
    <ignored/>
  </testcase> <!-- @BeforeSuite setUpExtent -->
</testsuite> <!-- Selenium Automation Framework -->
