<?xml version="1.0" encoding="UTF-8"?>
<!-- Generated by org.testng.reporters.JUnitXMLReporter -->
<testsuite ignored="2" hostname="USER-3" failures="0" tests="3" name="Selenium Automation Framework" time="34.908" errors="0" timestamp="2024-09-03T14:03:45 IST">
  <testcase classname="com.example.Testcases.Login" name="testLogin" time="5.999"/>
  <testcase classname="com.example.Testcases.LoginViaExcel" name="loginTest" time="7.143"/>
  <testcase classname="com.example.Testcases.LoginViaExcel" name="loginTest" time="5.761"/>
  <testcase classname="com.example.Testcases.BaseTest" name="@BeforeSuite setUpExtent" time="0.0">
    <ignored/>
  </testcase> <!-- @BeforeSuite setUpExtent -->
  <testcase classname="com.example.Testcases.BaseTest" name="@AfterSuite tearDownExtent" time="0.0">
    <ignored/>
  </testcase> <!-- @AfterSuite tearDownExtent -->
</testsuite> <!-- Selenium Automation Framework -->
