<?xml version="1.0" encoding="UTF-8"?>
<testng-results ignored="2" total="5" passed="3" failed="0" skipped="0">
  <reporter-output>
  </reporter-output>
  <suite started-at="2024-09-04T12:38:39 IST" name="Suite" finished-at="2024-09-04T12:39:19 IST" duration-ms="39234">
    <groups>
    </groups>
    <test started-at="2024-09-04T12:38:39 IST" name="Selenium Automation Framework" finished-at="2024-09-04T12:39:19 IST" duration-ms="39234">
      <class name="com.example.Testcases.Login">
        <test-method is-config="true" signature="setUpExtent()[pri:0, instance:com.example.Testcases.Login@6bbe85a8]" started-at="2024-09-04T12:38:39 IST" name="setUpExtent" finished-at="2024-09-04T12:38:39 IST" duration-ms="244" status="PASS">
          <reporter-output>
          </reporter-output>
        </test-method> <!-- setUpExtent -->
        <test-method is-config="true" signature="setUp()[pri:0, instance:com.example.Testcases.Login@6bbe85a8]" started-at="2024-09-04T12:38:39 IST" name="setUp" finished-at="2024-09-04T12:38:47 IST" duration-ms="7989" status="PASS">
          <reporter-output>
          </reporter-output>
        </test-method> <!-- setUp -->
        <test-method signature="testLogin()[pri:0, instance:com.example.Testcases.Login@6bbe85a8]" started-at="2024-09-04T12:38:47 IST" name="testLogin" finished-at="2024-09-04T12:38:56 IST" duration-ms="8650" status="PASS">
          <reporter-output>
          </reporter-output>
        </test-method> <!-- testLogin -->
        <test-method is-config="true" signature="afterMethod(org.testng.ITestResult)[pri:0, instance:com.example.Testcases.Login@6bbe85a8]" started-at="2024-09-04T12:38:56 IST" name="afterMethod" finished-at="2024-09-04T12:38:56 IST" duration-ms="10" status="PASS">
          <params>
            <param index="0">
              <value>
                <![CDATA[[TestResult name=testLogin status=SUCCESS method=Login.testLogin()[pri:0, instance:com.example.Testcases.Login@6bbe85a8] output={null}]]]>
              </value>
            </param>
          </params>
          <reporter-output>
          </reporter-output>
        </test-method> <!-- afterMethod -->
        <test-method is-config="true" signature="tearDownExtent()[pri:0, instance:com.example.Testcases.Login@6bbe85a8]" started-at="2024-09-04T12:39:19 IST" name="tearDownExtent" finished-at="2024-09-04T12:39:20 IST" duration-ms="1238" status="PASS">
          <reporter-output>
          </reporter-output>
        </test-method> <!-- tearDownExtent -->
      </class> <!-- com.example.Testcases.Login -->
      <class name="com.example.Testcases.LoginViaExcel">
        <test-method is-config="true" signature="setUp()[pri:0, instance:com.example.Testcases.LoginViaExcel@3a7442c7]" started-at="2024-09-04T12:38:56 IST" name="setUp" finished-at="2024-09-04T12:39:04 IST" duration-ms="8089" status="PASS">
          <reporter-output>
          </reporter-output>
        </test-method> <!-- setUp -->
        <test-method signature="loginTest(java.lang.String, java.lang.String)[pri:0, instance:com.example.Testcases.LoginViaExcel@3a7442c7]" started-at="2024-09-04T12:39:06 IST" name="loginTest" data-provider="loginData" finished-at="2024-09-04T12:39:13 IST" duration-ms="6638" status="PASS">
          <params>
            <param index="0">
              <value>
                <![CDATA[student]]>
              </value>
            </param>
            <param index="1">
              <value>
                <![CDATA[Password123]]>
              </value>
            </param>
          </params>
          <reporter-output>
          </reporter-output>
        </test-method> <!-- loginTest -->
        <test-method is-config="true" signature="afterMethod(org.testng.ITestResult)[pri:0, instance:com.example.Testcases.LoginViaExcel@3a7442c7]" started-at="2024-09-04T12:39:13 IST" name="afterMethod" finished-at="2024-09-04T12:39:13 IST" duration-ms="0" status="PASS">
          <params>
            <param index="0">
              <value>
                <![CDATA[[TestResult name=loginTest status=SUCCESS method=LoginViaExcel.loginTest(java.lang.String, java.lang.String)[pri:0, instance:com.example.Testcases.LoginViaExcel@3a7442c7] output={null}]]]>
              </value>
            </param>
          </params>
          <reporter-output>
          </reporter-output>
        </test-method> <!-- afterMethod -->
        <test-method signature="loginTest(java.lang.String, java.lang.String)[pri:0, instance:com.example.Testcases.LoginViaExcel@3a7442c7]" started-at="2024-09-04T12:39:13 IST" name="loginTest" data-provider="loginData" finished-at="2024-09-04T12:39:19 IST" duration-ms="5977" status="PASS">
          <params>
            <param index="0">
              <value>
                <![CDATA[student]]>
              </value>
            </param>
            <param index="1">
              <value>
                <![CDATA[Password123]]>
              </value>
            </param>
          </params>
          <reporter-output>
          </reporter-output>
        </test-method> <!-- loginTest -->
        <test-method is-config="true" signature="afterMethod(org.testng.ITestResult)[pri:0, instance:com.example.Testcases.LoginViaExcel@3a7442c7]" started-at="2024-09-04T12:39:19 IST" name="afterMethod" finished-at="2024-09-04T12:39:19 IST" duration-ms="0" status="PASS">
          <params>
            <param index="0">
              <value>
                <![CDATA[[TestResult name=loginTest status=SUCCESS method=LoginViaExcel.loginTest(java.lang.String, java.lang.String)[pri:0, instance:com.example.Testcases.LoginViaExcel@3a7442c7] output={null}]]]>
              </value>
            </param>
          </params>
          <reporter-output>
          </reporter-output>
        </test-method> <!-- afterMethod -->
      </class> <!-- com.example.Testcases.LoginViaExcel -->
    </test> <!-- Selenium Automation Framework -->
  </suite> <!-- Suite -->
</testng-results>
